#
# There is insufficient memory for the Java Runtime Environment to continue.
# Native memory allocation (malloc) failed to allocate 1506256 bytes for Chunk::new
# Possible reasons:
#   The system is out of physical RAM or swap space
#   The process is running with CompressedOops enabled, and the Java Heap may be blocking the growth of the native heap
# Possible solutions:
#   Reduce memory load on the system
#   Increase physical memory or swap space
#   Check if swap backing store is full
#   Decrease Java heap size (-Xmx/-Xms)
#   Decrease number of Java threads
#   Decrease Java thread stack sizes (-Xss)
#   Set larger code cache with -XX:ReservedCodeCacheSize=
#   JVM is running with Unscaled Compressed Oops mode in which the Java heap is
#     placed in the first 4GB address space. The Java Heap base address is the
#     maximum limit for the native heap growth. Please use -XX:HeapBaseMinAddress
#     to set the Java Heap base and to place the Java Heap above 4GB virtual address.
# This output file may be truncated or incomplete.
#
#  Out of Memory Error (allocation.cpp:389), pid=2280, tid=0x000000000000248c
#
# JRE version: OpenJDK Runtime Environment (Zulu 8.68.0.21-CA-win64) (8.0_362-b09) (build 1.8.0_362-b09)
# Java VM: OpenJDK 64-Bit Server VM (25.362-b09 mixed mode windows-amd64 compressed oops)
# Failed to write core dump. Minidumps are not enabled by default on client versions of Windows
#

---------------  T H R E A D  ---------------

Current thread (0x00000162c3d59000):  JavaThread "C2 CompilerThread1" daemon [_thread_in_native, id=9356, stack(0x0000003a99000000,0x0000003a99100000)]

Stack: [0x0000003a99000000,0x0000003a99100000]
[error occurred during error reporting (printing stack bounds), id 0xc0000005]

Native frames: (J=compiled Java code, j=interpreted, Vv=VM code, C=native code)


Current CompileTask:
C2:  60867 4905       4       org.codehaus.groovy.control.ResolveVisitor::resolve (229 bytes)


---------------  P R O C E S S  ---------------

Java Threads: ( => current thread )
  0x00000162c6ac4800 JavaThread "ForkJoinPool.commonPool-worker-1" daemon [_thread_blocked, id=10180, stack(0x0000003a99f00000,0x0000003a9a000000)]
  0x00000162c6ac3800 JavaThread "ForkJoinPool.commonPool-worker-0" daemon [_thread_blocked, id=10512, stack(0x0000003a99c00000,0x0000003a99d00000)]
  0x00000162c6ac9000 JavaThread "Exec Stream Pumper" daemon [_thread_in_native, id=8904, stack(0x0000003a99700000,0x0000003a99800000)]
  0x00000162c6ac8800 JavaThread "Exec Stream Pumper" daemon [_thread_in_native, id=13136, stack(0x0000003a99600000,0x0000003a99700000)]
  0x00000162c6ac6000 JavaThread "Exec Default Executor" daemon [_thread_in_native, id=14068, stack(0x0000003a99400000,0x0000003a99500000)]
  0x00000162c6fad000 JavaThread "Okio Watchdog" daemon [_thread_blocked, id=4016, stack(0x0000003a99e00000,0x0000003a99f00000)]
  0x00000162c9ad2000 JavaThread "OkHttp ConnectionPool" daemon [_thread_blocked, id=2944, stack(0x0000003a99d00000,0x0000003a99e00000)]
  0x00000162c6ff9000 JavaThread "UrlChecker-2" daemon [_thread_blocked, id=6828, stack(0x0000003a99500000,0x0000003a99600000)]
  0x00000162c3d9f000 JavaThread "Service Thread" daemon [_thread_blocked, id=9876, stack(0x0000003a99200000,0x0000003a99300000)]
  0x00000162c3d5b000 JavaThread "C1 CompilerThread2" daemon [_thread_blocked, id=6660, stack(0x0000003a99100000,0x0000003a99200000)]
=>0x00000162c3d59000 JavaThread "C2 CompilerThread1" daemon [_thread_in_native, id=9356, stack(0x0000003a99000000,0x0000003a99100000)]
  0x00000162c3d58000 JavaThread "C2 CompilerThread0" daemon [_thread_blocked, id=4672, stack(0x0000003a98f00000,0x0000003a99000000)]
  0x00000162c3d42800 JavaThread "Attach Listener" daemon [_thread_blocked, id=4808, stack(0x0000003a98e00000,0x0000003a98f00000)]
  0x00000162c3de9800 JavaThread "Signal Dispatcher" daemon [_thread_blocked, id=8232, stack(0x0000003a98d00000,0x0000003a98e00000)]
  0x00000162c29be800 JavaThread "Finalizer" daemon [_thread_blocked, id=8320, stack(0x0000003a98b00000,0x0000003a98c00000)]
  0x00000162c29b7000 JavaThread "Reference Handler" daemon [_thread_blocked, id=7448, stack(0x0000003a98a00000,0x0000003a98b00000)]
  0x00000162ac6cc000 JavaThread "Forwarding executeAsyncScript on session 5c848eacfe05d78a4fcba0a00268edca to remote" [_thread_in_native, id=11484, stack(0x0000003a98400000,0x0000003a98500000)]

Other Threads:
  0x00000162c26ce000 VMThread [stack: 0x0000003a98900000,0x0000003a98a00000] [id=10060]
  0x00000162c2a9a000 WatcherThread [stack: 0x0000003a99300000,0x0000003a99400000] [id=9360]

VM state:not at safepoint (normal execution)

VM Mutex/Monitor currently owned by a thread: None

heap address: 0x0000000080000000, size: 2048 MB, Compressed Oops mode: 32-bit
Narrow klass base: 0x0000000000000000, Narrow klass shift: 3
Compressed class space size: 1073741824 Address: 0x0000000100000000

Heap:
 PSYoungGen      total 281088K, used 197613K [0x00000000d5580000, 0x00000000ec980000, 0x0000000100000000)
  eden space 267776K, 68% used [0x00000000d5580000,0x00000000e09b1530,0x00000000e5b00000)
  from space 13312K, 98% used [0x00000000e6a00000,0x00000000e76c9fe0,0x00000000e7700000)
  to   space 15360K, 0% used [0x00000000e5b00000,0x00000000e5b00000,0x00000000e6a00000)
 ParOldGen       total 66560K, used 13266K [0x0000000080000000, 0x0000000084100000, 0x00000000d5580000)
  object space 66560K, 19% used [0x0000000080000000,0x0000000080cf49a0,0x0000000084100000)
 Metaspace       used 33458K, capacity 34562K, committed 34688K, reserved 1079296K
  class space    used 3858K, capacity 4191K, committed 4224K, reserved 1048576K

Card table byte_map: [0x00000162bd2e0000,0x00000162bd6f0000] byte_map_base: 0x00000162bcee0000

Marking Bits: (ParMarkBitMap*) 0x000000006a485390
 Begin Bits: [0x00000162bd9a0000, 0x00000162bf9a0000)
 End Bits:   [0x00000162bf9a0000, 0x00000162c19a0000)

Polling page: 0x00000162adef0000

CodeCache: size=245760Kb used=15388Kb max_used=15518Kb free=230371Kb
 bounds [0x00000162adf20000, 0x00000162aee60000, 0x00000162bcf20000]
 total_blobs=4995 nmethods=4286 adapters=619
 compilation: enabled

Compilation events (10 events):
Event: 60.433 Thread 0x00000162c3d5b000 nmethod 4908 0x00000162ae1facd0 code [0x00000162ae1faec0, 0x00000162ae1fb880]
Event: 60.434 Thread 0x00000162c3d5b000 4909       3       groovyjarjarasm.asm.SymbolTable::hash (7 bytes)
Event: 60.434 Thread 0x00000162c3d5b000 nmethod 4909 0x00000162ae2bcad0 code [0x00000162ae2bcc20, 0x00000162ae2bcd58]
Event: 60.435 Thread 0x00000162c3d58000 nmethod 4904 0x00000162ae2bd790 code [0x00000162ae2bd920, 0x00000162ae2bddf0]
Event: 60.504 Thread 0x00000162c3d58000 4910       4       groovy.lang.MetaClassImpl::filterPropertyMethod (305 bytes)
Event: 60.510 Thread 0x00000162c3d5b000 4911       3       java.text.FieldPosition::setBeginIndex (6 bytes)
Event: 60.510 Thread 0x00000162c3d5b000 nmethod 4911 0x00000162ae953010 code [0x00000162ae953160, 0x00000162ae9532b8]
Event: 60.510 Thread 0x00000162c3d5b000 4912       3       java.text.FieldPosition::setEndIndex (6 bytes)
Event: 60.511 Thread 0x00000162c3d5b000 nmethod 4912 0x00000162ae96de90 code [0x00000162ae96dfe0, 0x00000162ae96e138]
Event: 60.520 Thread 0x00000162c3d58000 nmethod 4910 0x00000162ae1f9bd0 code [0x00000162ae1f9dc0, 0x00000162ae1fa4f0]

GC Heap History (10 events):
Event: 2.843 GC heap before
{Heap before GC invocations=5 (full 0):
 PSYoungGen      total 138240K, used 68495K [0x00000000d5580000, 0x00000000de180000, 0x0000000100000000)
  eden space 133120K, 47% used [0x00000000d5580000,0x00000000d936a448,0x00000000dd780000)
  from space 5120K, 99% used [0x00000000ddc80000,0x00000000de179a00,0x00000000de180000)
  to   space 5120K, 0% used [0x00000000dd780000,0x00000000dd780000,0x00000000ddc80000)
 ParOldGen       total 87552K, used 4209K [0x0000000080000000, 0x0000000085580000, 0x00000000d5580000)
  object space 87552K, 4% used [0x0000000080000000,0x000000008041c608,0x0000000085580000)
 Metaspace       used 20770K, capacity 21092K, committed 21296K, reserved 1069056K
  class space    used 2302K, capacity 2432K, committed 2432K, reserved 1048576K
Event: 2.851 GC heap after
Heap after GC invocations=5 (full 0):
 PSYoungGen      total 138240K, used 5119K [0x00000000d5580000, 0x00000000e6d80000, 0x0000000100000000)
  eden space 133120K, 0% used [0x00000000d5580000,0x00000000d5580000,0x00000000dd780000)
  from space 5120K, 99% used [0x00000000dd780000,0x00000000ddc7fd08,0x00000000ddc80000)
  to   space 10240K, 0% used [0x00000000e6380000,0x00000000e6380000,0x00000000e6d80000)
 ParOldGen       total 87552K, used 7592K [0x0000000080000000, 0x0000000085580000, 0x00000000d5580000)
  object space 87552K, 8% used [0x0000000080000000,0x000000008076a120,0x0000000085580000)
 Metaspace       used 20770K, capacity 21092K, committed 21296K, reserved 1069056K
  class space    used 2302K, capacity 2432K, committed 2432K, reserved 1048576K
}
Event: 2.851 GC heap before
{Heap before GC invocations=6 (full 1):
 PSYoungGen      total 138240K, used 5119K [0x00000000d5580000, 0x00000000e6d80000, 0x0000000100000000)
  eden space 133120K, 0% used [0x00000000d5580000,0x00000000d5580000,0x00000000dd780000)
  from space 5120K, 99% used [0x00000000dd780000,0x00000000ddc7fd08,0x00000000ddc80000)
  to   space 10240K, 0% used [0x00000000e6380000,0x00000000e6380000,0x00000000e6d80000)
 ParOldGen       total 87552K, used 7592K [0x0000000080000000, 0x0000000085580000, 0x00000000d5580000)
  object space 87552K, 8% used [0x0000000080000000,0x000000008076a120,0x0000000085580000)
 Metaspace       used 20770K, capacity 21092K, committed 21296K, reserved 1069056K
  class space    used 2302K, capacity 2432K, committed 2432K, reserved 1048576K
Event: 2.897 GC heap after
Heap after GC invocations=6 (full 1):
 PSYoungGen      total 138240K, used 0K [0x00000000d5580000, 0x00000000e6d80000, 0x0000000100000000)
  eden space 133120K, 0% used [0x00000000d5580000,0x00000000d5580000,0x00000000dd780000)
  from space 5120K, 0% used [0x00000000dd780000,0x00000000dd780000,0x00000000ddc80000)
  to   space 10240K, 0% used [0x00000000e6380000,0x00000000e6380000,0x00000000e6d80000)
 ParOldGen       total 66560K, used 10037K [0x0000000080000000, 0x0000000084100000, 0x00000000d5580000)
  object space 66560K, 15% used [0x0000000080000000,0x00000000809cd698,0x0000000084100000)
 Metaspace       used 20770K, capacity 21092K, committed 21296K, reserved 1069056K
  class space    used 2302K, capacity 2432K, committed 2432K, reserved 1048576K
}
Event: 3.875 GC heap before
{Heap before GC invocations=7 (full 1):
 PSYoungGen      total 138240K, used 133120K [0x00000000d5580000, 0x00000000e6d80000, 0x0000000100000000)
  eden space 133120K, 100% used [0x00000000d5580000,0x00000000dd780000,0x00000000dd780000)
  from space 5120K, 0% used [0x00000000dd780000,0x00000000dd780000,0x00000000ddc80000)
  to   space 10240K, 0% used [0x00000000e6380000,0x00000000e6380000,0x00000000e6d80000)
 ParOldGen       total 66560K, used 10037K [0x0000000080000000, 0x0000000084100000, 0x00000000d5580000)
  object space 66560K, 15% used [0x0000000080000000,0x00000000809cd698,0x0000000084100000)
 Metaspace       used 23222K, capacity 23586K, committed 24064K, reserved 1071104K
  class space    used 2549K, capacity 2700K, committed 2816K, reserved 1048576K
Event: 3.884 GC heap after
Heap after GC invocations=7 (full 1):
 PSYoungGen      total 195584K, used 3868K [0x00000000d5580000, 0x00000000e6780000, 0x0000000100000000)
  eden space 191488K, 0% used [0x00000000d5580000,0x00000000d5580000,0x00000000e1080000)
  from space 4096K, 94% used [0x00000000e6380000,0x00000000e6747178,0x00000000e6780000)
  to   space 10240K, 0% used [0x00000000e5380000,0x00000000e5380000,0x00000000e5d80000)
 ParOldGen       total 66560K, used 10045K [0x0000000080000000, 0x0000000084100000, 0x00000000d5580000)
  object space 66560K, 15% used [0x0000000080000000,0x00000000809cf698,0x0000000084100000)
 Metaspace       used 23222K, capacity 23586K, committed 24064K, reserved 1071104K
  class space    used 2549K, capacity 2700K, committed 2816K, reserved 1048576K
}
Event: 6.151 GC heap before
{Heap before GC invocations=8 (full 1):
 PSYoungGen      total 195584K, used 195356K [0x00000000d5580000, 0x00000000e6780000, 0x0000000100000000)
  eden space 191488K, 100% used [0x00000000d5580000,0x00000000e1080000,0x00000000e1080000)
  from space 4096K, 94% used [0x00000000e6380000,0x00000000e6747178,0x00000000e6780000)
  to   space 10240K, 0% used [0x00000000e5380000,0x00000000e5380000,0x00000000e5d80000)
 ParOldGen       total 66560K, used 10045K [0x0000000080000000, 0x0000000084100000, 0x00000000d5580000)
  object space 66560K, 15% used [0x0000000080000000,0x00000000809cf698,0x0000000084100000)
 Metaspace       used 29490K, capacity 30368K, committed 30720K, reserved 1077248K
  class space    used 3467K, capacity 3729K, committed 3840K, reserved 1048576K
Event: 6.166 GC heap after
Heap after GC invocations=8 (full 1):
 PSYoungGen      total 270336K, used 10216K [0x00000000d5580000, 0x00000000e7700000, 0x0000000100000000)
  eden space 260096K, 0% used [0x00000000d5580000,0x00000000d5580000,0x00000000e5380000)
  from space 10240K, 99% used [0x00000000e5380000,0x00000000e5d7a1d0,0x00000000e5d80000)
  to   space 13312K, 0% used [0x00000000e6a00000,0x00000000e6a00000,0x00000000e7700000)
 ParOldGen       total 66560K, used 13258K [0x0000000080000000, 0x0000000084100000, 0x00000000d5580000)
  object space 66560K, 19% used [0x0000000080000000,0x0000000080cf29a0,0x0000000084100000)
 Metaspace       used 29490K, capacity 30368K, committed 30720K, reserved 1077248K
  class space    used 3467K, capacity 3729K, committed 3840K, reserved 1048576K
}
Event: 20.678 GC heap before
{Heap before GC invocations=9 (full 1):
 PSYoungGen      total 270336K, used 270312K [0x00000000d5580000, 0x00000000e7700000, 0x0000000100000000)
  eden space 260096K, 100% used [0x00000000d5580000,0x00000000e5380000,0x00000000e5380000)
  from space 10240K, 99% used [0x00000000e5380000,0x00000000e5d7a1d0,0x00000000e5d80000)
  to   space 13312K, 0% used [0x00000000e6a00000,0x00000000e6a00000,0x00000000e7700000)
 ParOldGen       total 66560K, used 13258K [0x0000000080000000, 0x0000000084100000, 0x00000000d5580000)
  object space 66560K, 19% used [0x0000000080000000,0x0000000080cf29a0,0x0000000084100000)
 Metaspace       used 32542K, capacity 33572K, committed 33920K, reserved 1079296K
  class space    used 3810K, capacity 4118K, committed 4224K, reserved 1048576K
Event: 20.691 GC heap after
Heap after GC invocations=9 (full 1):
 PSYoungGen      total 281088K, used 13095K [0x00000000d5580000, 0x00000000ec980000, 0x0000000100000000)
  eden space 267776K, 0% used [0x00000000d5580000,0x00000000d5580000,0x00000000e5b00000)
  from space 13312K, 98% used [0x00000000e6a00000,0x00000000e76c9fe0,0x00000000e7700000)
  to   space 15360K, 0% used [0x00000000e5b00000,0x00000000e5b00000,0x00000000e6a00000)
 ParOldGen       total 66560K, used 13266K [0x0000000080000000, 0x0000000084100000, 0x00000000d5580000)
  object space 66560K, 19% used [0x0000000080000000,0x0000000080cf49a0,0x0000000084100000)
 Metaspace       used 32542K, capacity 33572K, committed 33920K, reserved 1079296K
  class space    used 3810K, capacity 4118K, committed 4224K, reserved 1048576K
}

Deoptimization events (10 events):
Event: 54.945 Thread 0x00000162ac6cc000 Uncommon trap: reason=range_check action=make_not_entrant pc=0x00000162ae0282e4 method=java.lang.String.charAt(I)C @ 27
Event: 55.475 Thread 0x00000162ac6cc000 Uncommon trap: reason=unstable_if action=reinterpret pc=0x00000162ae883e54 method=java.util.stream.StreamOpFlag.getMask(I)I @ 1
Event: 55.476 Thread 0x00000162ac6cc000 Uncommon trap: reason=class_check action=maybe_recompile pc=0x00000162aedd27e8 method=org.openqa.selenium.json.JsonOutput.lambda$new$1(Ljava/lang/Appendable;Ljava/lang/String;)V @ 2
Event: 55.476 Thread 0x00000162ac6cc000 Uncommon trap: reason=class_check action=maybe_recompile pc=0x00000162aedd27e8 method=org.openqa.selenium.json.JsonOutput.lambda$new$1(Ljava/lang/Appendable;Ljava/lang/String;)V @ 2
Event: 55.476 Thread 0x00000162ac6cc000 Uncommon trap: reason=class_check action=maybe_recompile pc=0x00000162aedd27e8 method=org.openqa.selenium.json.JsonOutput.lambda$new$1(Ljava/lang/Appendable;Ljava/lang/String;)V @ 2
Event: 55.476 Thread 0x00000162ac6cc000 Uncommon trap: reason=class_check action=maybe_recompile pc=0x00000162aedd27e8 method=org.openqa.selenium.json.JsonOutput.lambda$new$1(Ljava/lang/Appendable;Ljava/lang/String;)V @ 2
Event: 55.477 Thread 0x00000162ac6cc000 Uncommon trap: reason=unstable_if action=reinterpret pc=0x00000162aed706f0 method=java.util.stream.AbstractPipeline.evaluate(Ljava/util/stream/TerminalOp;)Ljava/lang/Object; @ 53
Event: 55.481 Thread 0x00000162ac6cc000 Uncommon trap: reason=class_check action=maybe_recompile pc=0x00000162aea1240c method=java.util.HashSet.contains(Ljava/lang/Object;)Z @ 5
Event: 55.481 Thread 0x00000162ac6cc000 Uncommon trap: reason=class_check action=maybe_recompile pc=0x00000162aea1240c method=java.util.HashSet.contains(Ljava/lang/Object;)Z @ 5
Event: 56.268 Thread 0x00000162ac6cc000 Uncommon trap: reason=bimorphic action=maybe_recompile pc=0x00000162aedde2a4 method=java.util.stream.ReferencePipeline.forEachWithCancel(Ljava/util/Spliterator;Ljava/util/stream/Sink;)V @ 1

Classes redefined (0 events):
No events

Internal exceptions (10 events):
Event: 60.410 Thread 0x00000162ac6cc000 Exception <a 'java/security/PrivilegedActionException'> (0x00000000dffa6a10) thrown at [C:\jenkins\workspace\zulu-platform-build\zulu-src.git\hotspot\src\share\vm\prims\jvm.cpp, line 1514]
Event: 60.410 Thread 0x00000162ac6cc000 Exception <a 'java/security/PrivilegedActionException'> (0x00000000dffb8ed8) thrown at [C:\jenkins\workspace\zulu-platform-build\zulu-src.git\hotspot\src\share\vm\prims\jvm.cpp, line 1514]
Event: 60.410 Thread 0x00000162ac6cc000 Exception <a 'java/security/PrivilegedActionException'> (0x00000000dffb94b8) thrown at [C:\jenkins\workspace\zulu-platform-build\zulu-src.git\hotspot\src\share\vm\prims\jvm.cpp, line 1514]
Event: 60.422 Thread 0x00000162ac6cc000 Exception <a 'java/security/PrivilegedActionException'> (0x00000000e01b8f38) thrown at [C:\jenkins\workspace\zulu-platform-build\zulu-src.git\hotspot\src\share\vm\prims\jvm.cpp, line 1514]
Event: 60.422 Thread 0x00000162ac6cc000 Exception <a 'java/security/PrivilegedActionException'> (0x00000000e01b9518) thrown at [C:\jenkins\workspace\zulu-platform-build\zulu-src.git\hotspot\src\share\vm\prims\jvm.cpp, line 1514]
Event: 60.422 Thread 0x00000162ac6cc000 Exception <a 'java/security/PrivilegedActionException'> (0x00000000e01cc2f0) thrown at [C:\jenkins\workspace\zulu-platform-build\zulu-src.git\hotspot\src\share\vm\prims\jvm.cpp, line 1514]
Event: 60.423 Thread 0x00000162ac6cc000 Exception <a 'java/security/PrivilegedActionException'> (0x00000000e01cc8d0) thrown at [C:\jenkins\workspace\zulu-platform-build\zulu-src.git\hotspot\src\share\vm\prims\jvm.cpp, line 1514]
Event: 60.499 Thread 0x00000162ac6cc000 Exception <a 'java/lang/ClassNotFoundException': Script1BeanInfo> (0x00000000e03763f0) thrown at [C:\jenkins\workspace\zulu-platform-build\zulu-src.git\hotspot\src\share\vm\classfile\systemDictionary.cpp, line 220]
Event: 60.503 Thread 0x00000162ac6cc000 Exception <a 'java/lang/ClassNotFoundException': Script1Customizer> (0x00000000e03fa548) thrown at [C:\jenkins\workspace\zulu-platform-build\zulu-src.git\hotspot\src\share\vm\classfile\systemDictionary.cpp, line 220]
Event: 60.527 Thread 0x00000162ac6cc000 Exception <a 'java/net/SocketTimeoutException': Read timed out> (0x00000000e05eeaf8) thrown at [C:\jenkins\workspace\zulu-platform-build\zulu-src.git\hotspot\src\share\vm\prims\jni.cpp, line 736]

Events (10 events):
Event: 60.494 loading class Script1BeanInfo
Event: 60.494 loading class Script1BeanInfo done
Event: 60.499 loading class Script1BeanInfo
Event: 60.499 loading class Script1BeanInfo done
Event: 60.500 loading class Script1Customizer
Event: 60.500 loading class Script1Customizer done
Event: 60.501 loading class Script1Customizer
Event: 60.501 loading class Script1Customizer done
Event: 60.503 loading class Script1Customizer
Event: 60.503 loading class Script1Customizer done


Dynamic libraries:
0x00007ff7b41e0000 - 0x00007ff7b4231000 	C:\Users\TIN\.katalon\packages\Katalon_Studio_Windows_64-8.6.6\Katalon_Studio_Windows_64-8.6.6\jre\bin\javaw.exe
0x00007ffa156f0000 - 0x00007ffa158e8000 	C:\Windows\SYSTEM32\ntdll.dll
0x00007ffa15410000 - 0x00007ffa154cf000 	C:\Windows\System32\KERNEL32.DLL
0x00007ffa13250000 - 0x00007ffa13546000 	C:\Windows\System32\KERNELBASE.dll
0x00007ffa151c0000 - 0x00007ffa1526f000 	C:\Windows\System32\ADVAPI32.dll
0x00007ffa154e0000 - 0x00007ffa1557e000 	C:\Windows\System32\msvcrt.dll
0x00007ffa14610000 - 0x00007ffa146ac000 	C:\Windows\System32\sechost.dll
0x00007ffa13c80000 - 0x00007ffa13da6000 	C:\Windows\System32\RPCRT4.dll
0x00007ffa15270000 - 0x00007ffa1540d000 	C:\Windows\System32\USER32.dll
0x00007ffa12f30000 - 0x00007ffa12f52000 	C:\Windows\System32\win32u.dll
0x00007ffa148a0000 - 0x00007ffa148cc000 	C:\Windows\System32\GDI32.dll
0x00007ffa13550000 - 0x00007ffa13665000 	C:\Windows\System32\gdi32full.dll
0x00007ffa131b0000 - 0x00007ffa1324d000 	C:\Windows\System32\msvcp_win.dll
0x00007ffa12fd0000 - 0x00007ffa130d0000 	C:\Windows\System32\ucrtbase.dll
0x00007ffa00350000 - 0x00007ffa005ea000 	C:\Windows\WinSxS\amd64_microsoft.windows.common-controls_6595b64144ccf1df_6.0.19041.1110_none_60b5254171f9507e\COMCTL32.dll
0x00007ffa148d0000 - 0x00007ffa14900000 	C:\Windows\System32\IMM32.DLL
0x00007ffa0e7e0000 - 0x00007ffa0e7f5000 	C:\Users\TIN\.katalon\packages\Katalon_Studio_Windows_64-8.6.6\Katalon_Studio_Windows_64-8.6.6\jre\bin\vcruntime140.dll
0x00007ff9e2320000 - 0x00007ff9e23bb000 	C:\Users\TIN\.katalon\packages\Katalon_Studio_Windows_64-8.6.6\Katalon_Studio_Windows_64-8.6.6\jre\bin\msvcp140.dll
0x0000000069c90000 - 0x000000006a500000 	C:\Users\TIN\.katalon\packages\Katalon_Studio_Windows_64-8.6.6\Katalon_Studio_Windows_64-8.6.6\jre\bin\server\jvm.dll
0x00007ffa14ad0000 - 0x00007ffa14ad8000 	C:\Windows\System32\PSAPI.DLL
0x00007ffa0e7b0000 - 0x00007ffa0e7b9000 	C:\Windows\SYSTEM32\WSOCK32.dll
0x00007ffa14830000 - 0x00007ffa1489b000 	C:\Windows\System32\WS2_32.dll
0x00007ff9edae0000 - 0x00007ff9edb07000 	C:\Windows\SYSTEM32\WINMM.dll
0x00007ffa0d4a0000 - 0x00007ffa0d4aa000 	C:\Windows\SYSTEM32\VERSION.dll
0x00007ffa10b50000 - 0x00007ffa10b62000 	C:\Windows\SYSTEM32\kernel.appcore.dll
0x00007ffa0e7a0000 - 0x00007ffa0e7b0000 	C:\Users\TIN\.katalon\packages\Katalon_Studio_Windows_64-8.6.6\Katalon_Studio_Windows_64-8.6.6\jre\bin\verify.dll
0x00007ffa06ae0000 - 0x00007ffa06b0b000 	C:\Users\TIN\.katalon\packages\Katalon_Studio_Windows_64-8.6.6\Katalon_Studio_Windows_64-8.6.6\jre\bin\java.dll
0x00007ffa01be0000 - 0x00007ffa01bf8000 	C:\Users\TIN\.katalon\packages\Katalon_Studio_Windows_64-8.6.6\Katalon_Studio_Windows_64-8.6.6\jre\bin\zip.dll
0x00007ffa13e60000 - 0x00007ffa145a4000 	C:\Windows\System32\SHELL32.dll
0x00007ffa10e30000 - 0x00007ffa115c3000 	C:\Windows\SYSTEM32\windows.storage.dll
0x00007ffa13770000 - 0x00007ffa13ac4000 	C:\Windows\System32\combase.dll
0x00007ffa12810000 - 0x00007ffa1283e000 	C:\Windows\SYSTEM32\Wldp.dll
0x00007ffa14a10000 - 0x00007ffa14abd000 	C:\Windows\System32\SHCORE.dll
0x00007ffa145b0000 - 0x00007ffa14605000 	C:\Windows\System32\shlwapi.dll
0x00007ffa12d00000 - 0x00007ffa12d25000 	C:\Windows\SYSTEM32\profapi.dll
0x00007ffa01bc0000 - 0x00007ffa01bdc000 	C:\Users\TIN\.katalon\packages\Katalon_Studio_Windows_64-8.6.6\Katalon_Studio_Windows_64-8.6.6\jre\bin\net.dll
0x00007ffa12520000 - 0x00007ffa1258a000 	C:\Windows\system32\mswsock.dll
0x00007ff9ff750000 - 0x00007ff9ff763000 	C:\Users\TIN\.katalon\packages\Katalon_Studio_Windows_64-8.6.6\Katalon_Studio_Windows_64-8.6.6\jre\bin\nio.dll
0x00007ffa12220000 - 0x00007ffa122ea000 	C:\Windows\SYSTEM32\DNSAPI.dll
0x00007ffa121d0000 - 0x00007ffa1220b000 	C:\Windows\SYSTEM32\IPHLPAPI.DLL
0x00007ffa14ac0000 - 0x00007ffa14ac8000 	C:\Windows\System32\NSI.dll
0x000000006a810000 - 0x000000006a836000 	C:\Program Files\Bonjour\mdnsNSP.dll
0x00007ffa01b70000 - 0x00007ffa01b7a000 	C:\Windows\System32\rasadhlp.dll
0x00007ffa01ff0000 - 0x00007ffa02072000 	C:\Windows\System32\fwpuclnt.dll
0x00007ffa13720000 - 0x00007ffa13747000 	C:\Windows\System32\bcrypt.dll
0x00007ff9ff000000 - 0x00007ff9ff024000 	C:\Users\TIN\.katalon\packages\Katalon_Studio_Windows_64-8.6.6\Katalon_Studio_Windows_64-8.6.6\jre\bin\sunec.dll
0x00007ffa0d730000 - 0x00007ffa0d73d000 	C:\Users\TIN\.katalon\packages\Katalon_Studio_Windows_64-8.6.6\Katalon_Studio_Windows_64-8.6.6\jre\bin\sunmscapi.dll
0x00007ffa12dd0000 - 0x00007ffa12f2e000 	C:\Windows\System32\CRYPT32.dll
0x00007ffa12880000 - 0x00007ffa128a8000 	C:\Windows\SYSTEM32\ncrypt.dll
0x00007ffa12840000 - 0x00007ffa1287b000 	C:\Windows\SYSTEM32\NTASN1.dll
0x00007ffa126e0000 - 0x00007ffa126f8000 	C:\Windows\SYSTEM32\CRYPTSP.dll
0x00007ffa11dd0000 - 0x00007ffa11e04000 	C:\Windows\system32\rsaenh.dll
0x00007ffa12c80000 - 0x00007ffa12cae000 	C:\Windows\SYSTEM32\USERENV.dll
0x00007ffa130d0000 - 0x00007ffa13152000 	C:\Windows\System32\bcryptprimitives.dll
0x00007ffa126d0000 - 0x00007ffa126dc000 	C:\Windows\SYSTEM32\CRYPTBASE.dll
0x00007ffa0c140000 - 0x00007ffa0c157000 	C:\Windows\SYSTEM32\dhcpcsvc6.DLL
0x00007ffa0ca70000 - 0x00007ffa0ca8d000 	C:\Windows\SYSTEM32\dhcpcsvc.DLL
0x00007ff9fb360000 - 0x00007ff9fb377000 	C:\Windows\system32\napinsp.dll
0x00007ff9fb0b0000 - 0x00007ff9fb0cb000 	C:\Windows\system32\pnrpnsp.dll
0x00007ff9fa670000 - 0x00007ff9fa685000 	C:\Windows\system32\wshbth.dll
0x00007ffa0e750000 - 0x00007ffa0e76d000 	C:\Windows\system32\NLAapi.dll
0x00007ff9fa6f0000 - 0x00007ff9fa702000 	C:\Windows\System32\winrnr.dll

VM Arguments:
jvm_args: -Dgroovy.home=C:\Users\TIN/.groovy -Djava.system.class.loader=groovy.lang.GroovyClassLoader -Xmx2048m -Dfile.encoding=UTF-8 
java_command: org.codehaus.groovy.tools.GroovyStarter --classpath D:\Baitap\Tester\Case study\Katalon\OHRM\bin\keyword;D:\Baitap\Tester\Case study\Katalon\OHRM\Keywords;D:\Baitap\Tester\Case study\Katalon\OHRM\bin\listener;D:\Baitap\Tester\Case study\Katalon\OHRM\Test Listeners;D:\Baitap\Tester\Case study\Katalon\OHRM\bin\lib;D:\Baitap\Tester\Case study\Katalon\OHRM\Libs;D:\Baitap\Tester\Case study\Katalon\OHRM\bin\groovy;D:\Baitap\Tester\Case study\Katalon\OHRM\Include\scripts\groovy;C:\Users\TIN\.katalon\packages\Katalon_Studio_Windows_64-8.6.6\Katalon_Studio_Windows_64-8.6.6\plugins\com.kms.katalon.core_1.0.0.202308180208.jar;C:\Users\TIN\.katalon\packages\Katalon_Studio_Windows_64-8.6.6\Katalon_Studio_Windows_64-8.6.6\configuration\resources\lib\aalto-xml-1.0.0.jar;C:\Users\TIN\.katalon\packages\Katalon_Studio_Windows_64-8.6.6\Katalon_Studio_Windows_64-8.6.6\configuration\resources\lib\aspectjweaver-1.9.1.jar;C:\Users\TIN\.katalon\packages\Katalon_Studio_Windows_64-8.6.6\Katalon_Studio_Windows_64-8.6.6\configuration\resources\lib\bcpkix-jdk15on-1.64.jar;C:\Users\TIN\.katalon\packages\Katalon_Studio_Windows_64-8.6.6\Katalon_Studio_Windows_64-8.6.6\configuration\resources\lib\bcprov-jdk15on-1.64.jar;C:\Users\TIN\.katalon\packages\Katalon_Studio_Windows_64-8.6.6\Katalon_Studio_Windows_64-8.6.6\configuration\resources\lib\browsermob-core-2.1.5.jar;C:\Users\TIN\.katalon\packages\Katalon_Studio_Windows_64-8.6.6\Katalon_Studio_Windows_64-8.6.6\configuration\resources\lib\cglib-3.2.10.jar;C:\Users\TIN\.katalon\packages\Katalon_Studio_Windows_64-8.6.6\Katalon_Studio_Windows_64-8.6.6\configuration\resources\lib\commons-codec-1.10.jar;C:\Users\TIN\.katalon\packages\Katalon_Studio_Windows_64-8.6.6\Katalon_Studio_Windows_64-8.6.6\configuration\resources\lib\commons-collections4-4.1.jar;C:\Users\TIN\.katalon\packages\Katalon_Studio_Windows_64-8.6.6\Katalon_Studio_Windows_64-8.6.6\configuration\resources\lib\commons-validator-1.6.jar;C:\Users\TIN\.katalon\packages\Katalon_St
java_class_path (initial): D:\Baitap\Tester\Case study\Katalon\OHRM\bin\keyword;D:\Baitap\Tester\Case study\Katalon\OHRM\bin\listener;D:\Baitap\Tester\Case study\Katalon\OHRM\bin\lib;D:\Baitap\Tester\Case study\Katalon\OHRM\bin\groovy;D:\Baitap\Tester\Case study\Katalon\OHRM\bin;C:\Users\TIN\.katalon\packages\Katalon_Studio_Windows_64-8.6.6\Katalon_Studio_Windows_64-8.6.6\plugins\com.kms.katalon.core_1.0.0.202308180208.jar;C:\Users\TIN\.katalon\packages\Katalon_Studio_Windows_64-8.6.6\Katalon_Studio_Windows_64-8.6.6\configuration\resources\lib\aalto-xml-1.0.0.jar;C:\Users\TIN\.katalon\packages\Katalon_Studio_Windows_64-8.6.6\Katalon_Studio_Windows_64-8.6.6\configuration\resources\lib\aspectjweaver-1.9.1.jar;C:\Users\TIN\.katalon\packages\Katalon_Studio_Windows_64-8.6.6\Katalon_Studio_Windows_64-8.6.6\configuration\resources\lib\bcpkix-jdk15on-1.64.jar;C:\Users\TIN\.katalon\packages\Katalon_Studio_Windows_64-8.6.6\Katalon_Studio_Windows_64-8.6.6\configuration\resources\lib\bcprov-jdk15on-1.64.jar;C:\Users\TIN\.katalon\packages\Katalon_Studio_Windows_64-8.6.6\Katalon_Studio_Windows_64-8.6.6\configuration\resources\lib\browsermob-core-2.1.5.jar;C:\Users\TIN\.katalon\packages\Katalon_Studio_Windows_64-8.6.6\Katalon_Studio_Windows_64-8.6.6\configuration\resources\lib\cglib-3.2.10.jar;C:\Users\TIN\.katalon\packages\Katalon_Studio_Windows_64-8.6.6\Katalon_Studio_Windows_64-8.6.6\configuration\resources\lib\commons-codec-1.10.jar;C:\Users\TIN\.katalon\packages\Katalon_Studio_Windows_64-8.6.6\Katalon_Studio_Windows_64-8.6.6\configuration\resources\lib\commons-collections4-4.1.jar;C:\Users\TIN\.katalon\packages\Katalon_Studio_Windows_64-8.6.6\Katalon_Studio_Windows_64-8.6.6\configuration\resources\lib\commons-validator-1.6.jar;C:\Users\TIN\.katalon\packages\Katalon_Studio_Windows_64-8.6.6\Katalon_Studio_Windows_64-8.6.6\configuration\resources\lib\curvesapi-1.04.jar;C:\Users\TIN\.katalon\packages\Katalon_Studio_Windows_64-8.6.6\Katalon_Studio_Windows_64-8.6.6\configuration\
Launcher Type: SUN_STANDARD

Environment Variables:
JAVA_HOME=C:\Program Files\Java\jdk-19
PATH=C:/Users/TIN/.katalon/packages/Katalon_Studio_Windows_64-8.6.6/Katalon_Studio_Windows_64-8.6.6/jre/bin/server;C:/Users/TIN/.katalon/packages/Katalon_Studio_Windows_64-8.6.6/Katalon_Studio_Windows_64-8.6.6/jre/bin;C:/Users/TIN/.katalon/packages/Katalon_Studio_Windows_64-8.6.6/Katalon_Studio_Windows_64-8.6.6/jre/lib/amd64;C:\Python311\Scripts\;C:\Python311\;C:\Program Files\Common Files\Oracle\Java\javapath;C:\Python310\Scripts\;C:\Python310\;C:\Windows\system32;C:\Windows;C:\Windows\System32\Wbem;C:\Windows\System32\WindowsPowerShell\v1.0\;C:\Windows\System32\OpenSSH\;C:\Program Files\Azure Data Studio\bin;C:\Program Files\dotnet\;C:\ProgramData\chocolatey\bin;C:\Program Files\Git\cmd;C:\Program Files\nodejs\;C:\Program Files\MySQL\MySQL Server 8.0\bin;C:\Program Files\apache-maven-3.9.3-bin\apache-maven-3.9.3\bin;C:\Program Files\Java\jdk-19\bin;C:\Program Files\Go\bin;C:\Program Files\MySQL\MySQL Shell 8.0\bin\;C:\Users\TIN\AppData\Local\Microsoft\WindowsApps;C:\Program Files\Azure Data Studio\bin;C:\Users\TIN\AppData\Local\Programs\Microsoft VS Code\bin;C:\Users\TIN\AppData\Roaming\npm;C:\Users\TIN\AppData\Local\GitHubDesktop\bin;C:\Program Files\heroku\bin;C:\Program Files\JetBrains\IntelliJ IDEA 2023.1.3\bin;;C:\Users\TIN\go\bin;C:\Users\TIN\.katalon\packages\Katalon_Studio_Windows_64-8.6.6\Katalon_Studio_Windows_64-8.6.6;
USERNAME=TIN
OS=Windows_NT
PROCESSOR_IDENTIFIER=Intel64 Family 6 Model 78 Stepping 3, GenuineIntel



---------------  S Y S T E M  ---------------

OS: Windows 10 , 64 bit Build 19041 (10.0.19041.3155)
HyperV virtualization detected

CPU:total 4 (initial active 4) (2 cores per cpu, 2 threads per core) family 6 model 78 stepping 3, cmov, cx8, fxsr, mmx, sse, sse2, sse3, ssse3, sse4.1, sse4.2, popcnt, avx, avx2, aes, clmul, erms, 3dnowpref, lzcnt, ht, tsc, tscinvbit, bmi1, bmi2, adx

Memory: 4k page, physical 8277840k(837736k free), swap 8277840k(5580k free)

vm_info: OpenJDK 64-Bit Server VM (25.362-b09) for windows-amd64 JRE (Zulu 8.68.0.21-CA-win64) (1.8.0_362-b09), built on Jan 19 2023 16:49:02 by "tester" with MS VC++ 15.9 (VS2017)

time: Fri Aug 25 23:50:54 2023
timezone: SE Asia Standard Time
elapsed time: 60.872300 seconds (0d 0h 1m 0s)

