#
# There is insufficient memory for the Java Runtime Environment to continue.
# Native memory allocation (malloc) failed to allocate 177936 bytes for Chunk::new
# Possible reasons:
#   The system is out of physical RAM or swap space
#   The process is running with CompressedOops enabled, and the Java Heap may be blocking the growth of the native heap
# Possible solutions:
#   Reduce memory load on the system
#   Increase physical memory or swap space
#   Check if swap backing store is full
#   Decrease Java heap size (-Xmx/-Xms)
#   Decrease number of Java threads
#   Decrease Java thread stack sizes (-Xss)
#   Set larger code cache with -XX:ReservedCodeCacheSize=
#   JVM is running with Unscaled Compressed Oops mode in which the Java heap is
#     placed in the first 4GB address space. The Java Heap base address is the
#     maximum limit for the native heap growth. Please use -XX:HeapBaseMinAddress
#     to set the Java Heap base and to place the Java Heap above 4GB virtual address.
# This output file may be truncated or incomplete.
#
#  Out of Memory Error (allocation.cpp:389), pid=9908, tid=0x00000000000010e0
#
# JRE version: OpenJDK Runtime Environment (Zulu 8.68.0.21-CA-win64) (8.0_362-b09) (build 1.8.0_362-b09)
# Java VM: OpenJDK 64-Bit Server VM (25.362-b09 mixed mode windows-amd64 compressed oops)
# Failed to write core dump. Minidumps are not enabled by default on client versions of Windows
#

---------------  T H R E A D  ---------------

Current thread (0x000002204ade2800):  JavaThread "C2 CompilerThread0" daemon [_thread_in_native, id=4320, stack(0x00000064a8900000,0x00000064a8a00000)]

Stack: [0x00000064a8900000,0x00000064a8a00000]
[error occurred during error reporting (printing stack bounds), id 0xc0000005]

Native frames: (J=compiled Java code, j=interpreted, Vv=VM code, C=native code)


Current CompileTask:
C2:  39931 4510       4       org.codehaus.groovy.ast.ClassNode::getAllInterfaces (60 bytes)


---------------  P R O C E S S  ---------------

Java Threads: ( => current thread )
  0x000002204f91f800 JavaThread "ForkJoinPool.commonPool-worker-1" daemon [_thread_blocked, id=10032, stack(0x00000064a9900000,0x00000064a9a00000)]
  0x000002204f920000 JavaThread "ForkJoinPool.commonPool-worker-0" daemon [_thread_blocked, id=9256, stack(0x00000064a9600000,0x00000064a9700000)]
  0x000002204f91c000 JavaThread "Exec Stream Pumper" daemon [_thread_in_native, id=10072, stack(0x00000064a9100000,0x00000064a9200000)]
  0x000002204f921000 JavaThread "Exec Stream Pumper" daemon [_thread_in_native, id=6720, stack(0x00000064a9000000,0x00000064a9100000)]
  0x000002204f918800 JavaThread "Exec Default Executor" daemon [_thread_in_native, id=3636, stack(0x00000064a8e00000,0x00000064a8f00000)]
  0x000002204f91e800 JavaThread "Keep-Alive-Timer" daemon [_thread_blocked, id=1104, stack(0x00000064a9500000,0x00000064a9600000)]
  0x000002204f91b800 JavaThread "Okio Watchdog" daemon [_thread_blocked, id=6716, stack(0x00000064a9800000,0x00000064a9900000)]
  0x000002204b433000 JavaThread "OkHttp ConnectionPool" daemon [_thread_blocked, id=12800, stack(0x00000064a9700000,0x00000064a9800000)]
  0x000002204b438000 JavaThread "UrlChecker-2" daemon [_thread_blocked, id=12400, stack(0x00000064a8f00000,0x00000064a9000000)]
  0x000002204ae30000 JavaThread "Service Thread" daemon [_thread_blocked, id=12404, stack(0x00000064a8c00000,0x00000064a8d00000)]
  0x000002204ade4800 JavaThread "C1 CompilerThread2" daemon [_thread_blocked, id=7772, stack(0x00000064a8b00000,0x00000064a8c00000)]
  0x000002204ade3000 JavaThread "C2 CompilerThread1" daemon [_thread_in_native, id=2364, stack(0x00000064a8a00000,0x00000064a8b00000)]
=>0x000002204ade2800 JavaThread "C2 CompilerThread0" daemon [_thread_in_native, id=4320, stack(0x00000064a8900000,0x00000064a8a00000)]
  0x000002204add0800 JavaThread "Attach Listener" daemon [_thread_blocked, id=12588, stack(0x00000064a8800000,0x00000064a8900000)]
  0x000002204add0000 JavaThread "Signal Dispatcher" daemon [_thread_blocked, id=5952, stack(0x00000064a8700000,0x00000064a8800000)]
  0x0000022049a4d800 JavaThread "Finalizer" daemon [_thread_blocked, id=7076, stack(0x00000064a8600000,0x00000064a8700000)]
  0x0000022049a46800 JavaThread "Reference Handler" daemon [_thread_blocked, id=11284, stack(0x00000064a8500000,0x00000064a8600000)]
  0x000002203378c000 JavaThread "Forwarding executeAsyncScript on session df1b53409ee70a660c28c7db370fc445 to remote" [_thread_in_native, id=5824, stack(0x00000064a7f00000,0x00000064a8000000)]

Other Threads:
  0x000002204974c800 VMThread [stack: 0x00000064a8400000,0x00000064a8500000] [id=9876]
  0x000002204aec4000 WatcherThread [stack: 0x00000064a8d00000,0x00000064a8e00000] [id=448]

VM state:not at safepoint (normal execution)

VM Mutex/Monitor currently owned by a thread: None

heap address: 0x0000000080000000, size: 2048 MB, Compressed Oops mode: 32-bit
Narrow klass base: 0x0000000000000000, Narrow klass shift: 3
Compressed class space size: 1073741824 Address: 0x0000000100000000

Heap:
 PSYoungGen      total 203776K, used 80325K [0x00000000d5580000, 0x00000000e5f80000, 0x0000000100000000)
  eden space 194048K, 36% used [0x00000000d5580000,0x00000000d9a75748,0x00000000e1300000)
  from space 9728K, 99% used [0x00000000e2100000,0x00000000e2a7bcb8,0x00000000e2a80000)
  to   space 14336K, 0% used [0x00000000e1300000,0x00000000e1300000,0x00000000e2100000)
 ParOldGen       total 61440K, used 15834K [0x0000000080000000, 0x0000000083c00000, 0x00000000d5580000)
  object space 61440K, 25% used [0x0000000080000000,0x0000000080f76a78,0x0000000083c00000)
 Metaspace       used 32883K, capacity 33938K, committed 34176K, reserved 1079296K
  class space    used 3823K, capacity 4146K, committed 4224K, reserved 1048576K

Card table byte_map: [0x0000022044390000,0x00000220447a0000] byte_map_base: 0x0000022043f90000

Marking Bits: (ParMarkBitMap*) 0x00000000514a5390
 Begin Bits: [0x0000022044a50000, 0x0000022046a50000)
 End Bits:   [0x0000022046a50000, 0x0000022048a50000)

Polling page: 0x0000022033680000

CodeCache: size=245760Kb used=13847Kb max_used=13872Kb free=231912Kb
 bounds [0x0000022034fd0000, 0x0000022035d90000, 0x0000022043fd0000]
 total_blobs=4632 nmethods=3926 adapters=616
 compilation: enabled

Compilation events (10 events):
Event: 39.835 Thread 0x000002204ade4800 nmethod 4507 0x0000022035361b50 code [0x0000022035361d20, 0x0000022035362500]
Event: 39.844 Thread 0x000002204ade4800 4508       3       sun.nio.fs.WindowsPath::parse (26 bytes)
Event: 39.844 Thread 0x000002204ade4800 nmethod 4508 0x0000022035bb65d0 code [0x0000022035bb6760, 0x0000022035bb6b90]
Event: 39.844 Thread 0x000002204ade4800 4509       3       java.net.URI::decode (370 bytes)
Event: 39.845 Thread 0x000002204ade3000 nmethod 4502 0x0000022035923390 code [0x0000022035923540, 0x0000022035923da0]
Event: 39.845 Thread 0x000002204ade2800 4510       4       org.codehaus.groovy.ast.ClassNode::getAllInterfaces (60 bytes)
Event: 39.848 Thread 0x000002204ade4800 nmethod 4509 0x00000220353bb750 code [0x00000220353bbc40, 0x00000220353bf8c0]
Event: 39.882 Thread 0x000002204ade3000 4511       4       org.codehaus.groovy.ast.ClassNode::hashCode (23 bytes)
Event: 39.891 Thread 0x000002204ade3000 nmethod 4511 0x0000022035361150 code [0x00000220353612e0, 0x00000220353617b0]
Event: 39.895 Thread 0x000002204ade3000 4512       4       org.codehaus.groovy.control.ResolveVisitor$ConstructedNestedClass::<init> (50 bytes)

GC Heap History (10 events):
Event: 3.093 GC heap before
{Heap before GC invocations=7 (full 1):
 PSYoungGen      total 139776K, used 8175K [0x00000000d5580000, 0x00000000dea80000, 0x0000000100000000)
  eden space 131584K, 0% used [0x00000000d5580000,0x00000000d5580000,0x00000000dd600000)
  from space 8192K, 99% used [0x00000000ddf80000,0x00000000de77bfc0,0x00000000de780000)
  to   space 9728K, 0% used [0x00000000dd600000,0x00000000dd600000,0x00000000ddf80000)
 ParOldGen       total 87552K, used 4234K [0x0000000080000000, 0x0000000085580000, 0x00000000d5580000)
  object space 87552K, 4% used [0x0000000080000000,0x0000000080422898,0x0000000085580000)
 Metaspace       used 20789K, capacity 21092K, committed 21296K, reserved 1069056K
  class space    used 2302K, capacity 2432K, committed 2432K, reserved 1048576K
Event: 3.131 GC heap after
Heap after GC invocations=7 (full 1):
 PSYoungGen      total 139776K, used 0K [0x00000000d5580000, 0x00000000dea80000, 0x0000000100000000)
  eden space 131584K, 0% used [0x00000000d5580000,0x00000000d5580000,0x00000000dd600000)
  from space 8192K, 0% used [0x00000000ddf80000,0x00000000ddf80000,0x00000000de780000)
  to   space 9728K, 0% used [0x00000000dd600000,0x00000000dd600000,0x00000000ddf80000)
 ParOldGen       total 61440K, used 9943K [0x0000000080000000, 0x0000000083c00000, 0x00000000d5580000)
  object space 61440K, 16% used [0x0000000080000000,0x00000000809b5cc0,0x0000000083c00000)
 Metaspace       used 20789K, capacity 21092K, committed 21296K, reserved 1069056K
  class space    used 2302K, capacity 2432K, committed 2432K, reserved 1048576K
}
Event: 4.035 GC heap before
{Heap before GC invocations=8 (full 1):
 PSYoungGen      total 139776K, used 131584K [0x00000000d5580000, 0x00000000dea80000, 0x0000000100000000)
  eden space 131584K, 100% used [0x00000000d5580000,0x00000000dd600000,0x00000000dd600000)
  from space 8192K, 0% used [0x00000000ddf80000,0x00000000ddf80000,0x00000000de780000)
  to   space 9728K, 0% used [0x00000000dd600000,0x00000000dd600000,0x00000000ddf80000)
 ParOldGen       total 61440K, used 9943K [0x0000000080000000, 0x0000000083c00000, 0x00000000d5580000)
  object space 61440K, 16% used [0x0000000080000000,0x00000000809b5cc0,0x0000000083c00000)
 Metaspace       used 23256K, capacity 23650K, committed 24064K, reserved 1071104K
  class space    used 2550K, capacity 2700K, committed 2816K, reserved 1048576K
Event: 4.042 GC heap after
Heap after GC invocations=8 (full 1):
 PSYoungGen      total 141312K, used 3822K [0x00000000d5580000, 0x00000000e2a80000, 0x0000000100000000)
  eden space 131584K, 0% used [0x00000000d5580000,0x00000000d5580000,0x00000000dd600000)
  from space 9728K, 39% used [0x00000000dd600000,0x00000000dd9bbb70,0x00000000ddf80000)
  to   space 9728K, 0% used [0x00000000e2100000,0x00000000e2100000,0x00000000e2a80000)
 ParOldGen       total 61440K, used 9943K [0x0000000080000000, 0x0000000083c00000, 0x00000000d5580000)
  object space 61440K, 16% used [0x0000000080000000,0x00000000809b5cc0,0x0000000083c00000)
 Metaspace       used 23256K, capacity 23650K, committed 24064K, reserved 1071104K
  class space    used 2550K, capacity 2700K, committed 2816K, reserved 1048576K
}
Event: 4.720 GC heap before
{Heap before GC invocations=9 (full 1):
 PSYoungGen      total 141312K, used 135406K [0x00000000d5580000, 0x00000000e2a80000, 0x0000000100000000)
  eden space 131584K, 100% used [0x00000000d5580000,0x00000000dd600000,0x00000000dd600000)
  from space 9728K, 39% used [0x00000000dd600000,0x00000000dd9bbb70,0x00000000ddf80000)
  to   space 9728K, 0% used [0x00000000e2100000,0x00000000e2100000,0x00000000e2a80000)
 ParOldGen       total 61440K, used 9943K [0x0000000080000000, 0x0000000083c00000, 0x00000000d5580000)
  object space 61440K, 16% used [0x0000000080000000,0x00000000809b5cc0,0x0000000083c00000)
 Metaspace       used 25032K, capacity 25420K, committed 25856K, reserved 1073152K
  class space    used 2830K, capacity 2965K, committed 3072K, reserved 1048576K
Event: 4.729 GC heap after
Heap after GC invocations=9 (full 1):
 PSYoungGen      total 207872K, used 8208K [0x00000000d5580000, 0x00000000e2b80000, 0x0000000100000000)
  eden space 198144K, 0% used [0x00000000d5580000,0x00000000d5580000,0x00000000e1700000)
  from space 9728K, 84% used [0x00000000e2100000,0x00000000e2904010,0x00000000e2a80000)
  to   space 10240K, 0% used [0x00000000e1700000,0x00000000e1700000,0x00000000e2100000)
 ParOldGen       total 61440K, used 9943K [0x0000000080000000, 0x0000000083c00000, 0x00000000d5580000)
  object space 61440K, 16% used [0x0000000080000000,0x00000000809b5cc0,0x0000000083c00000)
 Metaspace       used 25032K, capacity 25420K, committed 25856K, reserved 1073152K
  class space    used 2830K, capacity 2965K, committed 3072K, reserved 1048576K
}
Event: 24.521 GC heap before
{Heap before GC invocations=10 (full 1):
 PSYoungGen      total 207872K, used 206352K [0x00000000d5580000, 0x00000000e2b80000, 0x0000000100000000)
  eden space 198144K, 100% used [0x00000000d5580000,0x00000000e1700000,0x00000000e1700000)
  from space 9728K, 84% used [0x00000000e2100000,0x00000000e2904010,0x00000000e2a80000)
  to   space 10240K, 0% used [0x00000000e1700000,0x00000000e1700000,0x00000000e2100000)
 ParOldGen       total 61440K, used 9943K [0x0000000080000000, 0x0000000083c00000, 0x00000000d5580000)
  object space 61440K, 16% used [0x0000000080000000,0x00000000809b5cc0,0x0000000083c00000)
 Metaspace       used 32191K, capacity 33136K, committed 33280K, reserved 1079296K
  class space    used 3792K, capacity 4084K, committed 4096K, reserved 1048576K
Event: 24.540 GC heap after
Heap after GC invocations=10 (full 1):
 PSYoungGen      total 208384K, used 10208K [0x00000000d5580000, 0x00000000e2b80000, 0x0000000100000000)
  eden space 198144K, 0% used [0x00000000d5580000,0x00000000d5580000,0x00000000e1700000)
  from space 10240K, 99% used [0x00000000e1700000,0x00000000e20f8390,0x00000000e2100000)
  to   space 9728K, 0% used [0x00000000e2100000,0x00000000e2100000,0x00000000e2a80000)
 ParOldGen       total 61440K, used 14194K [0x0000000080000000, 0x0000000083c00000, 0x00000000d5580000)
  object space 61440K, 23% used [0x0000000080000000,0x0000000080ddc9a8,0x0000000083c00000)
 Metaspace       used 32191K, capacity 33136K, committed 33280K, reserved 1079296K
  class space    used 3792K, capacity 4084K, committed 4096K, reserved 1048576K
}
Event: 36.560 GC heap before
{Heap before GC invocations=11 (full 1):
 PSYoungGen      total 208384K, used 208352K [0x00000000d5580000, 0x00000000e2b80000, 0x0000000100000000)
  eden space 198144K, 100% used [0x00000000d5580000,0x00000000e1700000,0x00000000e1700000)
  from space 10240K, 99% used [0x00000000e1700000,0x00000000e20f8390,0x00000000e2100000)
  to   space 9728K, 0% used [0x00000000e2100000,0x00000000e2100000,0x00000000e2a80000)
 ParOldGen       total 61440K, used 14194K [0x0000000080000000, 0x0000000083c00000, 0x00000000d5580000)
  object space 61440K, 23% used [0x0000000080000000,0x0000000080ddc9a8,0x0000000083c00000)
 Metaspace       used 32780K, capacity 33842K, committed 34176K, reserved 1079296K
  class space    used 3820K, capacity 4138K, committed 4224K, reserved 1048576K
Event: 36.569 GC heap after
Heap after GC invocations=11 (full 1):
 PSYoungGen      total 203776K, used 9711K [0x00000000d5580000, 0x00000000e5f80000, 0x0000000100000000)
  eden space 194048K, 0% used [0x00000000d5580000,0x00000000d5580000,0x00000000e1300000)
  from space 9728K, 99% used [0x00000000e2100000,0x00000000e2a7bcb8,0x00000000e2a80000)
  to   space 14336K, 0% used [0x00000000e1300000,0x00000000e1300000,0x00000000e2100000)
 ParOldGen       total 61440K, used 15834K [0x0000000080000000, 0x0000000083c00000, 0x00000000d5580000)
  object space 61440K, 25% used [0x0000000080000000,0x0000000080f76a78,0x0000000083c00000)
 Metaspace       used 32780K, capacity 33842K, committed 34176K, reserved 1079296K
  class space    used 3820K, capacity 4138K, committed 4224K, reserved 1048576K
}

Deoptimization events (10 events):
Event: 7.226 Thread 0x000002203378c000 Uncommon trap: reason=class_check action=maybe_recompile pc=0x0000022035b94004 method=org.openqa.selenium.json.Input.init()V @ 18
Event: 7.282 Thread 0x000002203378c000 Uncommon trap: reason=bimorphic action=maybe_recompile pc=0x00000220356f3270 method=java.util.HashMap.putVal(ILjava/lang/Object;Ljava/lang/Object;ZZ)Ljava/lang/Object; @ 203
Event: 7.282 Thread 0x000002203378c000 Uncommon trap: reason=bimorphic action=maybe_recompile pc=0x00000220356f3270 method=java.util.HashMap.putVal(ILjava/lang/Object;Ljava/lang/Object;ZZ)Ljava/lang/Object; @ 203
Event: 7.282 Thread 0x000002203378c000 Uncommon trap: reason=bimorphic action=maybe_recompile pc=0x00000220356f3270 method=java.util.HashMap.putVal(ILjava/lang/Object;Ljava/lang/Object;ZZ)Ljava/lang/Object; @ 203
Event: 9.320 Thread 0x000002203378c000 Uncommon trap: reason=unstable_if action=reinterpret pc=0x00000220351d26f0 method=java.lang.Character.isHighSurrogate(C)Z @ 3
Event: 35.974 Thread 0x000002203378c000 Uncommon trap: reason=unstable_if action=reinterpret pc=0x000002203576de3c method=java.util.regex.Matcher.appendReplacement(Ljava/lang/StringBuffer;Ljava/lang/String;)Ljava/util/regex/Matcher; @ 47
Event: 35.974 Thread 0x000002203378c000 Uncommon trap: reason=unstable_if action=reinterpret pc=0x000002203572066c method=java.util.regex.Matcher.replaceAll(Ljava/lang/String;)Ljava/lang/String; @ 35
Event: 36.034 Thread 0x000002203378c000 Uncommon trap: reason=range_check action=make_not_entrant pc=0x00000220350eeae4 method=java.lang.String.charAt(I)C @ 27
Event: 36.574 Thread 0x000002203378c000 Uncommon trap: reason=class_check action=maybe_recompile pc=0x0000022035aa3ecc method=java.util.HashSet.contains(Ljava/lang/Object;)Z @ 5
Event: 36.574 Thread 0x000002203378c000 Uncommon trap: reason=class_check action=maybe_recompile pc=0x0000022035aa3ecc method=java.util.HashSet.contains(Ljava/lang/Object;)Z @ 5

Classes redefined (0 events):
No events

Internal exceptions (10 events):
Event: 39.877 Thread 0x000002203378c000 Exception <a 'java/security/PrivilegedActionException'> (0x00000000d92ba6d8) thrown at [C:\jenkins\workspace\zulu-platform-build\zulu-src.git\hotspot\src\share\vm\prims\jvm.cpp, line 1514]
Event: 39.877 Thread 0x000002203378c000 Exception <a 'java/security/PrivilegedActionException'> (0x00000000d92bacb8) thrown at [C:\jenkins\workspace\zulu-platform-build\zulu-src.git\hotspot\src\share\vm\prims\jvm.cpp, line 1514]
Event: 39.878 Thread 0x000002203378c000 Exception <a 'java/security/PrivilegedActionException'> (0x00000000d92ccfb0) thrown at [C:\jenkins\workspace\zulu-platform-build\zulu-src.git\hotspot\src\share\vm\prims\jvm.cpp, line 1514]
Event: 39.878 Thread 0x000002203378c000 Exception <a 'java/security/PrivilegedActionException'> (0x00000000d92cd590) thrown at [C:\jenkins\workspace\zulu-platform-build\zulu-src.git\hotspot\src\share\vm\prims\jvm.cpp, line 1514]
Event: 39.890 Thread 0x000002203378c000 Exception <a 'java/security/PrivilegedActionException'> (0x00000000d94ccbf0) thrown at [C:\jenkins\workspace\zulu-platform-build\zulu-src.git\hotspot\src\share\vm\prims\jvm.cpp, line 1514]
Event: 39.890 Thread 0x000002203378c000 Exception <a 'java/security/PrivilegedActionException'> (0x00000000d94cd1d0) thrown at [C:\jenkins\workspace\zulu-platform-build\zulu-src.git\hotspot\src\share\vm\prims\jvm.cpp, line 1514]
Event: 39.890 Thread 0x000002203378c000 Exception <a 'java/security/PrivilegedActionException'> (0x00000000d94dfdd8) thrown at [C:\jenkins\workspace\zulu-platform-build\zulu-src.git\hotspot\src\share\vm\prims\jvm.cpp, line 1514]
Event: 39.890 Thread 0x000002203378c000 Exception <a 'java/security/PrivilegedActionException'> (0x00000000d94e03b8) thrown at [C:\jenkins\workspace\zulu-platform-build\zulu-src.git\hotspot\src\share\vm\prims\jvm.cpp, line 1514]
Event: 39.907 Thread 0x000002203378c000 Exception <a 'java/lang/ClassNotFoundException': Script1BeanInfo> (0x00000000d9689d50) thrown at [C:\jenkins\workspace\zulu-platform-build\zulu-src.git\hotspot\src\share\vm\classfile\systemDictionary.cpp, line 220]
Event: 39.912 Thread 0x000002203378c000 Exception <a 'java/lang/ClassNotFoundException': Script1Customizer> (0x00000000d970ded8) thrown at [C:\jenkins\workspace\zulu-platform-build\zulu-src.git\hotspot\src\share\vm\classfile\systemDictionary.cpp, line 220]

Events (10 events):
Event: 39.904 loading class Script1BeanInfo
Event: 39.904 loading class Script1BeanInfo done
Event: 39.907 loading class Script1BeanInfo
Event: 39.907 loading class Script1BeanInfo done
Event: 39.907 loading class Script1Customizer
Event: 39.907 loading class Script1Customizer done
Event: 39.909 loading class Script1Customizer
Event: 39.909 loading class Script1Customizer done
Event: 39.912 loading class Script1Customizer
Event: 39.912 loading class Script1Customizer done


Dynamic libraries:
0x00007ff78eff0000 - 0x00007ff78f041000 	C:\Users\TIN\.katalon\packages\Katalon_Studio_Windows_64-8.6.6\Katalon_Studio_Windows_64-8.6.6\jre\bin\javaw.exe
0x00007ff8c0330000 - 0x00007ff8c0528000 	C:\Windows\SYSTEM32\ntdll.dll
0x00007ff8c01d0000 - 0x00007ff8c028f000 	C:\Windows\System32\KERNEL32.DLL
0x00007ff8bde10000 - 0x00007ff8be106000 	C:\Windows\System32\KERNELBASE.dll
0x00007ff8bf640000 - 0x00007ff8bf6ef000 	C:\Windows\System32\ADVAPI32.dll
0x00007ff8bfae0000 - 0x00007ff8bfb7e000 	C:\Windows\System32\msvcrt.dll
0x00007ff8bf6f0000 - 0x00007ff8bf78c000 	C:\Windows\System32\sechost.dll
0x00007ff8bf100000 - 0x00007ff8bf226000 	C:\Windows\System32\RPCRT4.dll
0x00007ff8bf940000 - 0x00007ff8bfadd000 	C:\Windows\System32\USER32.dll
0x00007ff8bdc10000 - 0x00007ff8bdc32000 	C:\Windows\System32\win32u.dll
0x00007ff8bf8b0000 - 0x00007ff8bf8dc000 	C:\Windows\System32\GDI32.dll
0x00007ff8be270000 - 0x00007ff8be385000 	C:\Windows\System32\gdi32full.dll
0x00007ff8bdc40000 - 0x00007ff8bdcdd000 	C:\Windows\System32\msvcp_win.dll
0x00007ff8bda10000 - 0x00007ff8bdb10000 	C:\Windows\System32\ucrtbase.dll
0x00007ff8ab030000 - 0x00007ff8ab2ca000 	C:\Windows\WinSxS\amd64_microsoft.windows.common-controls_6595b64144ccf1df_6.0.19041.1110_none_60b5254171f9507e\COMCTL32.dll
0x00007ff8bfd30000 - 0x00007ff8bfd60000 	C:\Windows\System32\IMM32.DLL
0x00007ff8b6c40000 - 0x00007ff8b6c55000 	C:\Users\TIN\.katalon\packages\Katalon_Studio_Windows_64-8.6.6\Katalon_Studio_Windows_64-8.6.6\jre\bin\vcruntime140.dll
0x00007ff8aae20000 - 0x00007ff8aaebb000 	C:\Users\TIN\.katalon\packages\Katalon_Studio_Windows_64-8.6.6\Katalon_Studio_Windows_64-8.6.6\jre\bin\msvcp140.dll
0x0000000050cb0000 - 0x0000000051520000 	C:\Users\TIN\.katalon\packages\Katalon_Studio_Windows_64-8.6.6\Katalon_Studio_Windows_64-8.6.6\jre\bin\server\jvm.dll
0x00007ff8c01c0000 - 0x00007ff8c01c8000 	C:\Windows\System32\PSAPI.DLL
0x00007ff8b90f0000 - 0x00007ff8b90f9000 	C:\Windows\SYSTEM32\WSOCK32.dll
0x00007ff8bfb80000 - 0x00007ff8bfbeb000 	C:\Windows\System32\WS2_32.dll
0x00007ff897f90000 - 0x00007ff897fb7000 	C:\Windows\SYSTEM32\WINMM.dll
0x00007ff8b8270000 - 0x00007ff8b827a000 	C:\Windows\SYSTEM32\VERSION.dll
0x00007ff8bb870000 - 0x00007ff8bb882000 	C:\Windows\SYSTEM32\kernel.appcore.dll
0x00007ff8b57b0000 - 0x00007ff8b57c0000 	C:\Users\TIN\.katalon\packages\Katalon_Studio_Windows_64-8.6.6\Katalon_Studio_Windows_64-8.6.6\jre\bin\verify.dll
0x00007ff8a6550000 - 0x00007ff8a657b000 	C:\Users\TIN\.katalon\packages\Katalon_Studio_Windows_64-8.6.6\Katalon_Studio_Windows_64-8.6.6\jre\bin\java.dll
0x00007ff8ab770000 - 0x00007ff8ab788000 	C:\Users\TIN\.katalon\packages\Katalon_Studio_Windows_64-8.6.6\Katalon_Studio_Windows_64-8.6.6\jre\bin\zip.dll
0x00007ff8be390000 - 0x00007ff8bead4000 	C:\Windows\System32\SHELL32.dll
0x00007ff8bba70000 - 0x00007ff8bc203000 	C:\Windows\SYSTEM32\windows.storage.dll
0x00007ff8bf230000 - 0x00007ff8bf584000 	C:\Windows\System32\combase.dll
0x00007ff8bd450000 - 0x00007ff8bd47e000 	C:\Windows\SYSTEM32\Wldp.dll
0x00007ff8bf590000 - 0x00007ff8bf63d000 	C:\Windows\System32\SHCORE.dll
0x00007ff8bfbf0000 - 0x00007ff8bfc45000 	C:\Windows\System32\shlwapi.dll
0x00007ff8bd940000 - 0x00007ff8bd965000 	C:\Windows\SYSTEM32\profapi.dll
0x00007ff8ab380000 - 0x00007ff8ab39c000 	C:\Users\TIN\.katalon\packages\Katalon_Studio_Windows_64-8.6.6\Katalon_Studio_Windows_64-8.6.6\jre\bin\net.dll
0x00007ff8bd160000 - 0x00007ff8bd1ca000 	C:\Windows\system32\mswsock.dll
0x00007ff8aa500000 - 0x00007ff8aa513000 	C:\Users\TIN\.katalon\packages\Katalon_Studio_Windows_64-8.6.6\Katalon_Studio_Windows_64-8.6.6\jre\bin\nio.dll
0x00007ff8bce50000 - 0x00007ff8bcf1a000 	C:\Windows\SYSTEM32\DNSAPI.dll
0x00007ff8bce10000 - 0x00007ff8bce4b000 	C:\Windows\SYSTEM32\IPHLPAPI.DLL
0x00007ff8bfdf0000 - 0x00007ff8bfdf8000 	C:\Windows\System32\NSI.dll
0x0000000051830000 - 0x0000000051856000 	C:\Program Files\Bonjour\mdnsNSP.dll
0x00007ff8ac720000 - 0x00007ff8ac72a000 	C:\Windows\System32\rasadhlp.dll
0x00007ff8acc10000 - 0x00007ff8acc92000 	C:\Windows\System32\fwpuclnt.dll
0x00007ff8bdde0000 - 0x00007ff8bde07000 	C:\Windows\System32\bcrypt.dll
0x00007ff8b3a60000 - 0x00007ff8b3a84000 	C:\Users\TIN\.katalon\packages\Katalon_Studio_Windows_64-8.6.6\Katalon_Studio_Windows_64-8.6.6\jre\bin\sunec.dll
0x00007ff8b3a40000 - 0x00007ff8b3a4d000 	C:\Users\TIN\.katalon\packages\Katalon_Studio_Windows_64-8.6.6\Katalon_Studio_Windows_64-8.6.6\jre\bin\sunmscapi.dll
0x00007ff8be110000 - 0x00007ff8be26e000 	C:\Windows\System32\CRYPT32.dll
0x00007ff8bd4c0000 - 0x00007ff8bd4e8000 	C:\Windows\SYSTEM32\ncrypt.dll
0x00007ff8bd480000 - 0x00007ff8bd4bb000 	C:\Windows\SYSTEM32\NTASN1.dll
0x00007ff8bd330000 - 0x00007ff8bd348000 	C:\Windows\SYSTEM32\CRYPTSP.dll
0x00007ff8bca10000 - 0x00007ff8bca44000 	C:\Windows\system32\rsaenh.dll
0x00007ff8bd8c0000 - 0x00007ff8bd8ee000 	C:\Windows\SYSTEM32\USERENV.dll
0x00007ff8bdce0000 - 0x00007ff8bdd62000 	C:\Windows\System32\bcryptprimitives.dll
0x00007ff8bd320000 - 0x00007ff8bd32c000 	C:\Windows\SYSTEM32\CRYPTBASE.dll
0x00007ff8b70f0000 - 0x00007ff8b7107000 	C:\Windows\SYSTEM32\dhcpcsvc6.DLL
0x00007ff8b7460000 - 0x00007ff8b747d000 	C:\Windows\SYSTEM32\dhcpcsvc.DLL

VM Arguments:
jvm_args: -Dgroovy.home=C:\Users\TIN/.groovy -Djava.system.class.loader=groovy.lang.GroovyClassLoader -Xmx2048m -Dfile.encoding=UTF-8 
java_command: org.codehaus.groovy.tools.GroovyStarter --classpath D:\Baitap\Tester\Case study\Katalon\OHRM\bin\keyword;D:\Baitap\Tester\Case study\Katalon\OHRM\Keywords;D:\Baitap\Tester\Case study\Katalon\OHRM\bin\listener;D:\Baitap\Tester\Case study\Katalon\OHRM\Test Listeners;D:\Baitap\Tester\Case study\Katalon\OHRM\bin\lib;D:\Baitap\Tester\Case study\Katalon\OHRM\Libs;D:\Baitap\Tester\Case study\Katalon\OHRM\bin\groovy;D:\Baitap\Tester\Case study\Katalon\OHRM\Include\scripts\groovy;C:\Users\TIN\.katalon\packages\Katalon_Studio_Windows_64-8.6.6\Katalon_Studio_Windows_64-8.6.6\plugins\com.kms.katalon.core_1.0.0.202308180208.jar;C:\Users\TIN\.katalon\packages\Katalon_Studio_Windows_64-8.6.6\Katalon_Studio_Windows_64-8.6.6\configuration\resources\lib\aalto-xml-1.0.0.jar;C:\Users\TIN\.katalon\packages\Katalon_Studio_Windows_64-8.6.6\Katalon_Studio_Windows_64-8.6.6\configuration\resources\lib\aspectjweaver-1.9.1.jar;C:\Users\TIN\.katalon\packages\Katalon_Studio_Windows_64-8.6.6\Katalon_Studio_Windows_64-8.6.6\configuration\resources\lib\bcpkix-jdk15on-1.64.jar;C:\Users\TIN\.katalon\packages\Katalon_Studio_Windows_64-8.6.6\Katalon_Studio_Windows_64-8.6.6\configuration\resources\lib\bcprov-jdk15on-1.64.jar;C:\Users\TIN\.katalon\packages\Katalon_Studio_Windows_64-8.6.6\Katalon_Studio_Windows_64-8.6.6\configuration\resources\lib\browsermob-core-2.1.5.jar;C:\Users\TIN\.katalon\packages\Katalon_Studio_Windows_64-8.6.6\Katalon_Studio_Windows_64-8.6.6\configuration\resources\lib\cglib-3.2.10.jar;C:\Users\TIN\.katalon\packages\Katalon_Studio_Windows_64-8.6.6\Katalon_Studio_Windows_64-8.6.6\configuration\resources\lib\commons-codec-1.10.jar;C:\Users\TIN\.katalon\packages\Katalon_Studio_Windows_64-8.6.6\Katalon_Studio_Windows_64-8.6.6\configuration\resources\lib\commons-collections4-4.1.jar;C:\Users\TIN\.katalon\packages\Katalon_Studio_Windows_64-8.6.6\Katalon_Studio_Windows_64-8.6.6\configuration\resources\lib\commons-validator-1.6.jar;C:\Users\TIN\.katalon\packages\Katalon_St
java_class_path (initial): D:\Baitap\Tester\Case study\Katalon\OHRM\bin\keyword;D:\Baitap\Tester\Case study\Katalon\OHRM\bin\listener;D:\Baitap\Tester\Case study\Katalon\OHRM\bin\lib;D:\Baitap\Tester\Case study\Katalon\OHRM\bin\groovy;D:\Baitap\Tester\Case study\Katalon\OHRM\bin;C:\Users\TIN\.katalon\packages\Katalon_Studio_Windows_64-8.6.6\Katalon_Studio_Windows_64-8.6.6\plugins\com.kms.katalon.core_1.0.0.202308180208.jar;C:\Users\TIN\.katalon\packages\Katalon_Studio_Windows_64-8.6.6\Katalon_Studio_Windows_64-8.6.6\configuration\resources\lib\aalto-xml-1.0.0.jar;C:\Users\TIN\.katalon\packages\Katalon_Studio_Windows_64-8.6.6\Katalon_Studio_Windows_64-8.6.6\configuration\resources\lib\aspectjweaver-1.9.1.jar;C:\Users\TIN\.katalon\packages\Katalon_Studio_Windows_64-8.6.6\Katalon_Studio_Windows_64-8.6.6\configuration\resources\lib\bcpkix-jdk15on-1.64.jar;C:\Users\TIN\.katalon\packages\Katalon_Studio_Windows_64-8.6.6\Katalon_Studio_Windows_64-8.6.6\configuration\resources\lib\bcprov-jdk15on-1.64.jar;C:\Users\TIN\.katalon\packages\Katalon_Studio_Windows_64-8.6.6\Katalon_Studio_Windows_64-8.6.6\configuration\resources\lib\browsermob-core-2.1.5.jar;C:\Users\TIN\.katalon\packages\Katalon_Studio_Windows_64-8.6.6\Katalon_Studio_Windows_64-8.6.6\configuration\resources\lib\cglib-3.2.10.jar;C:\Users\TIN\.katalon\packages\Katalon_Studio_Windows_64-8.6.6\Katalon_Studio_Windows_64-8.6.6\configuration\resources\lib\commons-codec-1.10.jar;C:\Users\TIN\.katalon\packages\Katalon_Studio_Windows_64-8.6.6\Katalon_Studio_Windows_64-8.6.6\configuration\resources\lib\commons-collections4-4.1.jar;C:\Users\TIN\.katalon\packages\Katalon_Studio_Windows_64-8.6.6\Katalon_Studio_Windows_64-8.6.6\configuration\resources\lib\commons-validator-1.6.jar;C:\Users\TIN\.katalon\packages\Katalon_Studio_Windows_64-8.6.6\Katalon_Studio_Windows_64-8.6.6\configuration\resources\lib\curvesapi-1.04.jar;C:\Users\TIN\.katalon\packages\Katalon_Studio_Windows_64-8.6.6\Katalon_Studio_Windows_64-8.6.6\configuration\
Launcher Type: SUN_STANDARD

Environment Variables:
JAVA_HOME=C:\Program Files\Java\jdk-19
PATH=C:/Users/TIN/.katalon/packages/Katalon_Studio_Windows_64-8.6.6/Katalon_Studio_Windows_64-8.6.6/jre/bin/server;C:/Users/TIN/.katalon/packages/Katalon_Studio_Windows_64-8.6.6/Katalon_Studio_Windows_64-8.6.6/jre/bin;C:/Users/TIN/.katalon/packages/Katalon_Studio_Windows_64-8.6.6/Katalon_Studio_Windows_64-8.6.6/jre/lib/amd64;C:\Python311\Scripts\;C:\Python311\;C:\Program Files\Common Files\Oracle\Java\javapath;C:\Python310\Scripts\;C:\Python310\;C:\Windows\system32;C:\Windows;C:\Windows\System32\Wbem;C:\Windows\System32\WindowsPowerShell\v1.0\;C:\Windows\System32\OpenSSH\;C:\Program Files\Azure Data Studio\bin;C:\Program Files\dotnet\;C:\ProgramData\chocolatey\bin;C:\Program Files\Git\cmd;C:\Program Files\nodejs\;C:\Program Files\MySQL\MySQL Server 8.0\bin;C:\Program Files\apache-maven-3.9.3-bin\apache-maven-3.9.3\bin;C:\Program Files\Java\jdk-19\bin;C:\Program Files\Go\bin;C:\Program Files\MySQL\MySQL Shell 8.0\bin\;C:\Users\TIN\AppData\Local\Microsoft\WindowsApps;C:\Program Files\Azure Data Studio\bin;C:\Users\TIN\AppData\Local\Programs\Microsoft VS Code\bin;C:\Users\TIN\AppData\Roaming\npm;C:\Users\TIN\AppData\Local\GitHubDesktop\bin;C:\Program Files\heroku\bin;C:\Program Files\JetBrains\IntelliJ IDEA 2023.1.3\bin;;C:\Users\TIN\go\bin;C:\Users\TIN\.katalon\packages\Katalon_Studio_Windows_64-8.6.6\Katalon_Studio_Windows_64-8.6.6;
USERNAME=TIN
OS=Windows_NT
PROCESSOR_IDENTIFIER=Intel64 Family 6 Model 78 Stepping 3, GenuineIntel



---------------  S Y S T E M  ---------------

OS: Windows 10 , 64 bit Build 19041 (10.0.19041.3155)
HyperV virtualization detected

CPU:total 4 (initial active 4) (2 cores per cpu, 2 threads per core) family 6 model 78 stepping 3, cmov, cx8, fxsr, mmx, sse, sse2, sse3, ssse3, sse4.1, sse4.2, popcnt, avx, avx2, aes, clmul, erms, 3dnowpref, lzcnt, ht, tsc, tscinvbit, bmi1, bmi2, adx

Memory: 4k page, physical 8277840k(419124k free), swap 8277840k(3360k free)

vm_info: OpenJDK 64-Bit Server VM (25.362-b09) for windows-amd64 JRE (Zulu 8.68.0.21-CA-win64) (1.8.0_362-b09), built on Jan 19 2023 16:49:02 by "tester" with MS VC++ 15.9 (VS2017)

time: Sat Aug 26 09:15:13 2023
timezone: SE Asia Standard Time
elapsed time: 39.934225 seconds (0d 0h 0m 39s)

